17:40:17.832 [main] INFO  testCases.TC001_AccountRegistrationTest - ***** Starting TC001_AccountRegistrationTest  *****
17:40:17.998 [main] INFO  testCases.TC001_AccountRegistrationTest - Clicked on MyAccount Link
17:40:18.802 [main] INFO  testCases.TC001_AccountRegistrationTest - Clicked on MyRegister Link
17:40:18.830 [main] INFO  testCases.TC001_AccountRegistrationTest - Providing customer details...
17:40:22.472 [main] INFO  testCases.TC001_AccountRegistrationTest - validating expected message
17:44:22.189 [main] INFO  testCases.TC001_AccountRegistrationTest - ***** Starting TC001_AccountRegistrationTest  *****
17:44:22.274 [main] INFO  testCases.TC001_AccountRegistrationTest - Clicked on MyAccount Link
17:44:22.794 [main] INFO  testCases.TC001_AccountRegistrationTest - Clicked on MyRegister Link
17:44:22.797 [main] INFO  testCases.TC001_AccountRegistrationTest - Providing customer details...
17:44:25.954 [main] INFO  testCases.TC001_AccountRegistrationTest - validating expected message
17:56:03.843 [main] INFO  testCases.TC001_AccountRegistrationTest - ***** Starting TC001_AccountRegistrationTest  *****
17:56:04.071 [main] INFO  testCases.TC001_AccountRegistrationTest - Clicked on MyAccount Link
17:56:04.411 [main] INFO  testCases.TC001_AccountRegistrationTest - Clicked on MyRegister Link
17:56:04.414 [main] INFO  testCases.TC001_AccountRegistrationTest - Providing customer details...
17:56:07.439 [main] INFO  testCases.TC001_AccountRegistrationTest - validating expected message
17:56:07.479 [main] INFO  testCases.TC001_AccountRegistrationTest - ***** Finished TC001_AccountRegistrationTest *****
20:38:26.421 [main] INFO  testCases.TC001_AccountRegistrationTest - ***** Starting TC001_AccountRegistrationTest  *****
20:38:26.625 [main] INFO  testCases.TC001_AccountRegistrationTest - Clicked on MyAccount Link
20:38:27.716 [main] INFO  testCases.TC001_AccountRegistrationTest - Clicked on MyRegister Link
20:38:27.737 [main] INFO  testCases.TC001_AccountRegistrationTest - Providing customer details...
20:38:31.381 [main] INFO  testCases.TC001_AccountRegistrationTest - validating expected message
20:38:31.416 [main] INFO  testCases.TC001_AccountRegistrationTest - ***** Finished TC001_AccountRegistrationTest *****
20:47:15.297 [main] INFO  testCases.TC001_AccountRegistrationTest - ***** Starting TC001_AccountRegistrationTest  *****
20:47:15.324 [main] ERROR testCases.TC001_AccountRegistrationTest - Test failed
20:47:45.554 [main] INFO  testCases.TC001_AccountRegistrationTest - ***** Starting TC001_AccountRegistrationTest  *****
20:47:45.573 [main] ERROR testCases.TC001_AccountRegistrationTest - Test failed
09:30:27.897 [main] INFO  testCases.TC001_AccountRegistrationTest - ***** Starting TC001_AccountRegistrationTest  *****
09:30:28.136 [main] INFO  testCases.TC001_AccountRegistrationTest - Clicked on MyAccount Link
09:30:28.549 [main] INFO  testCases.TC001_AccountRegistrationTest - Clicked on MyRegister Link
09:30:28.574 [main] INFO  testCases.TC001_AccountRegistrationTest - Providing customer details...
09:30:29.862 [main] INFO  testCases.TC001_AccountRegistrationTest - validating expected message
09:30:29.901 [main] INFO  testCases.TC001_AccountRegistrationTest - ***** Finished TC001_AccountRegistrationTest *****
10:17:07.372 [main] INFO  testCases.TC001_AccountRegistrationTest - ***** Starting TC001_AccountRegistrationTest  *****
10:17:07.451 [main] ERROR testCases.TC001_AccountRegistrationTest - Test failed
10:26:25.846 [main] INFO  testCases.TC001_AccountRegistrationTest - ***** Starting TC001_AccountRegistrationTest  *****
10:26:25.902 [main] ERROR testCases.TC001_AccountRegistrationTest - Test failed
10:27:21.533 [main] INFO  testCases.TC001_AccountRegistrationTest - ***** Starting TC001_AccountRegistrationTest  *****
10:27:21.568 [main] ERROR testCases.TC001_AccountRegistrationTest - Test failed
10:28:00.276 [main] INFO  testCases.TC001_AccountRegistrationTest - ***** Starting TC001_AccountRegistrationTest  *****
10:28:00.342 [main] ERROR testCases.TC001_AccountRegistrationTest - Test failed
10:32:32.921 [main] INFO  testCases.TC001_AccountRegistrationTest - ***** Starting TC001_AccountRegistrationTest  *****
10:32:33.024 [main] INFO  testCases.TC001_AccountRegistrationTest - Clicked on MyAccount Link
10:32:33.502 [main] INFO  testCases.TC001_AccountRegistrationTest - Clicked on MyRegister Link
10:32:33.510 [main] INFO  testCases.TC001_AccountRegistrationTest - Providing customer details...
10:32:34.767 [main] INFO  testCases.TC001_AccountRegistrationTest - validating expected message
10:32:34.807 [main] INFO  testCases.TC001_AccountRegistrationTest - ***** Finished TC001_AccountRegistrationTest *****
10:33:30.335 [main] INFO  testCases.TC001_AccountRegistrationTest - ***** Starting TC001_AccountRegistrationTest  *****
10:33:30.390 [main] ERROR testCases.TC001_AccountRegistrationTest - Test failed
10:34:43.301 [main] INFO  testCases.TC001_AccountRegistrationTest - ***** Starting TC001_AccountRegistrationTest  *****
10:34:43.458 [main] INFO  testCases.TC001_AccountRegistrationTest - Clicked on MyAccount Link
10:34:44.114 [main] INFO  testCases.TC001_AccountRegistrationTest - Clicked on MyRegister Link
10:34:44.117 [main] INFO  testCases.TC001_AccountRegistrationTest - Providing customer details...
10:34:45.432 [main] INFO  testCases.TC001_AccountRegistrationTest - validating expected message
10:34:45.514 [main] INFO  testCases.TC001_AccountRegistrationTest - ***** Finished TC001_AccountRegistrationTest *****
10:38:41.453 [main] INFO  testCases.TC001_AccountRegistrationTest - ***** Starting TC001_AccountRegistrationTest  *****
10:38:41.543 [main] INFO  testCases.TC001_AccountRegistrationTest - Clicked on MyAccount Link
10:38:42.018 [main] INFO  testCases.TC001_AccountRegistrationTest - Clicked on MyRegister Link
10:38:42.023 [main] INFO  testCases.TC001_AccountRegistrationTest - Providing customer details...
10:38:43.355 [main] INFO  testCases.TC001_AccountRegistrationTest - validating expected message
10:38:43.396 [main] INFO  testCases.TC001_AccountRegistrationTest - ***** Finished TC001_AccountRegistrationTest *****
10:38:46.651 [main] INFO  testCases.TC001_AccountRegistrationTest - ***** Starting TC001_AccountRegistrationTest  *****
10:38:46.730 [main] INFO  testCases.TC001_AccountRegistrationTest - Clicked on MyAccount Link
10:38:47.315 [main] INFO  testCases.TC001_AccountRegistrationTest - Clicked on MyRegister Link
10:38:47.317 [main] INFO  testCases.TC001_AccountRegistrationTest - Providing customer details...
10:38:48.879 [main] INFO  testCases.TC001_AccountRegistrationTest - validating expected message
10:38:48.922 [main] INFO  testCases.TC001_AccountRegistrationTest - ***** Finished TC001_AccountRegistrationTest *****
10:38:50.240 [main] INFO  testCases.TC001_AccountRegistrationTest - ***** Starting TC001_AccountRegistrationTest  *****
10:38:50.240 [main] ERROR testCases.TC001_AccountRegistrationTest - Test failed
10:41:55.229 [TestNG-tests-1] INFO  testCases.TC001_AccountRegistrationTest - ***** Starting TC001_AccountRegistrationTest  *****
10:41:55.339 [TestNG-tests-1] INFO  testCases.TC001_AccountRegistrationTest - Clicked on MyAccount Link
10:41:55.452 [TestNG-tests-2] INFO  testCases.TC001_AccountRegistrationTest - ***** Starting TC001_AccountRegistrationTest  *****
10:41:55.534 [TestNG-tests-2] INFO  testCases.TC001_AccountRegistrationTest - Clicked on MyAccount Link
10:41:55.736 [TestNG-tests-1] INFO  testCases.TC001_AccountRegistrationTest - Clicked on MyRegister Link
10:41:55.739 [TestNG-tests-1] INFO  testCases.TC001_AccountRegistrationTest - Providing customer details...
10:41:56.165 [TestNG-tests-2] INFO  testCases.TC001_AccountRegistrationTest - Clicked on MyRegister Link
10:41:56.167 [TestNG-tests-2] INFO  testCases.TC001_AccountRegistrationTest - Providing customer details...
10:41:57.163 [TestNG-tests-1] INFO  testCases.TC001_AccountRegistrationTest - validating expected message
10:41:57.240 [TestNG-tests-1] INFO  testCases.TC001_AccountRegistrationTest - ***** Finished TC001_AccountRegistrationTest *****
10:41:57.427 [TestNG-tests-2] INFO  testCases.TC001_AccountRegistrationTest - validating expected message
10:41:57.466 [TestNG-tests-2] INFO  testCases.TC001_AccountRegistrationTest - ***** Finished TC001_AccountRegistrationTest *****
10:42:40.944 [TestNG-tests-2] INFO  testCases.TC001_AccountRegistrationTest - ***** Starting TC001_AccountRegistrationTest  *****
10:42:41.058 [TestNG-tests-2] INFO  testCases.TC001_AccountRegistrationTest - Clicked on MyAccount Link
10:42:41.444 [TestNG-tests-1] INFO  testCases.TC001_AccountRegistrationTest - ***** Starting TC001_AccountRegistrationTest  *****
10:42:41.614 [TestNG-tests-2] INFO  testCases.TC001_AccountRegistrationTest - Clicked on MyRegister Link
10:42:41.617 [TestNG-tests-2] INFO  testCases.TC001_AccountRegistrationTest - Providing customer details...
10:42:41.835 [TestNG-tests-1] INFO  testCases.TC001_AccountRegistrationTest - Clicked on MyAccount Link
10:42:42.285 [TestNG-tests-1] INFO  testCases.TC001_AccountRegistrationTest - Clicked on MyRegister Link
10:42:42.287 [TestNG-tests-1] INFO  testCases.TC001_AccountRegistrationTest - Providing customer details...
10:42:43.066 [TestNG-tests-2] INFO  testCases.TC001_AccountRegistrationTest - validating expected message
10:42:43.101 [TestNG-tests-2] INFO  testCases.TC001_AccountRegistrationTest - ***** Finished TC001_AccountRegistrationTest *****
10:42:43.510 [TestNG-tests-1] INFO  testCases.TC001_AccountRegistrationTest - validating expected message
10:42:43.546 [TestNG-tests-1] INFO  testCases.TC001_AccountRegistrationTest - ***** Finished TC001_AccountRegistrationTest *****
10:42:48.164 [TestNG-tests-3] INFO  testCases.TC001_AccountRegistrationTest - ***** Starting TC001_AccountRegistrationTest  *****
10:42:48.435 [TestNG-tests-3] INFO  testCases.TC001_AccountRegistrationTest - Clicked on MyAccount Link
10:42:48.936 [TestNG-tests-3] INFO  testCases.TC001_AccountRegistrationTest - Clicked on MyRegister Link
10:42:48.937 [TestNG-tests-3] INFO  testCases.TC001_AccountRegistrationTest - Providing customer details...
10:42:49.952 [TestNG-tests-3] INFO  testCases.TC001_AccountRegistrationTest - validating expected message
10:42:49.972 [TestNG-tests-3] INFO  testCases.TC001_AccountRegistrationTest - ***** Finished TC001_AccountRegistrationTest *****
10:43:37.274 [TestNG-tests-2] INFO  testCases.TC001_AccountRegistrationTest - ***** Starting TC001_AccountRegistrationTest  *****
10:43:37.417 [TestNG-tests-2] INFO  testCases.TC001_AccountRegistrationTest - Clicked on MyAccount Link
10:43:37.946 [TestNG-tests-2] INFO  testCases.TC001_AccountRegistrationTest - Clicked on MyRegister Link
10:43:37.950 [TestNG-tests-2] INFO  testCases.TC001_AccountRegistrationTest - Providing customer details...
10:43:39.247 [TestNG-tests-2] INFO  testCases.TC001_AccountRegistrationTest - validating expected message
10:43:39.294 [TestNG-tests-2] INFO  testCases.TC001_AccountRegistrationTest - ***** Finished TC001_AccountRegistrationTest *****
10:43:40.815 [TestNG-tests-3] INFO  testCases.TC001_AccountRegistrationTest - ***** Starting TC001_AccountRegistrationTest  *****
10:43:41.105 [TestNG-tests-3] INFO  testCases.TC001_AccountRegistrationTest - Clicked on MyAccount Link
10:43:41.623 [TestNG-tests-3] INFO  testCases.TC001_AccountRegistrationTest - Clicked on MyRegister Link
10:43:41.623 [TestNG-tests-3] INFO  testCases.TC001_AccountRegistrationTest - Providing customer details...
10:43:41.942 [TestNG-tests-1] INFO  testCases.TC001_AccountRegistrationTest - ***** Starting TC001_AccountRegistrationTest  *****
10:43:42.017 [TestNG-tests-1] INFO  testCases.TC001_AccountRegistrationTest - Clicked on MyAccount Link
10:43:42.544 [TestNG-tests-1] INFO  testCases.TC001_AccountRegistrationTest - Clicked on MyRegister Link
10:43:42.546 [TestNG-tests-1] INFO  testCases.TC001_AccountRegistrationTest - Providing customer details...
10:43:42.762 [TestNG-tests-3] INFO  testCases.TC001_AccountRegistrationTest - validating expected message
10:43:42.783 [TestNG-tests-3] INFO  testCases.TC001_AccountRegistrationTest - ***** Finished TC001_AccountRegistrationTest *****
10:43:43.978 [TestNG-tests-1] INFO  testCases.TC001_AccountRegistrationTest - validating expected message
10:43:44.034 [TestNG-tests-1] INFO  testCases.TC001_AccountRegistrationTest - ***** Finished TC001_AccountRegistrationTest *****
10:44:12.291 [TestNG-tests-2] INFO  testCases.TC001_AccountRegistrationTest - ***** Starting TC001_AccountRegistrationTest  *****
10:44:12.411 [TestNG-tests-2] INFO  testCases.TC001_AccountRegistrationTest - Clicked on MyAccount Link
10:44:13.070 [TestNG-tests-2] INFO  testCases.TC001_AccountRegistrationTest - Clicked on MyRegister Link
10:44:13.076 [TestNG-tests-2] INFO  testCases.TC001_AccountRegistrationTest - Providing customer details...
10:44:14.845 [TestNG-tests-2] INFO  testCases.TC001_AccountRegistrationTest - validating expected message
10:44:14.912 [TestNG-tests-2] INFO  testCases.TC001_AccountRegistrationTest - ***** Finished TC001_AccountRegistrationTest *****
10:44:15.262 [TestNG-tests-3] INFO  testCases.TC001_AccountRegistrationTest - ***** Starting TC001_AccountRegistrationTest  *****
10:44:15.609 [TestNG-tests-3] INFO  testCases.TC001_AccountRegistrationTest - Clicked on MyAccount Link
10:44:16.722 [TestNG-tests-3] INFO  testCases.TC001_AccountRegistrationTest - Clicked on MyRegister Link
10:44:16.722 [TestNG-tests-3] INFO  testCases.TC001_AccountRegistrationTest - Providing customer details...
10:44:17.781 [TestNG-tests-3] INFO  testCases.TC001_AccountRegistrationTest - validating expected message
10:44:17.800 [TestNG-tests-3] INFO  testCases.TC001_AccountRegistrationTest - ***** Finished TC001_AccountRegistrationTest *****
10:45:15.727 [TestNG-tests-1] INFO  testCases.TC001_AccountRegistrationTest - ***** Starting TC001_AccountRegistrationTest  *****
10:45:15.724 [TestNG-tests-2] INFO  testCases.TC001_AccountRegistrationTest - ***** Starting TC001_AccountRegistrationTest  *****
10:45:15.937 [TestNG-tests-2] INFO  testCases.TC001_AccountRegistrationTest - Clicked on MyAccount Link
10:45:16.023 [TestNG-tests-1] INFO  testCases.TC001_AccountRegistrationTest - Clicked on MyAccount Link
10:45:16.696 [TestNG-tests-2] INFO  testCases.TC001_AccountRegistrationTest - Clicked on MyRegister Link
10:45:16.699 [TestNG-tests-2] INFO  testCases.TC001_AccountRegistrationTest - Providing customer details...
10:45:16.896 [TestNG-tests-1] INFO  testCases.TC001_AccountRegistrationTest - Clicked on MyRegister Link
10:45:16.899 [TestNG-tests-1] INFO  testCases.TC001_AccountRegistrationTest - Providing customer details...
10:45:18.526 [TestNG-tests-1] INFO  testCases.TC001_AccountRegistrationTest - validating expected message
10:45:18.607 [TestNG-tests-2] INFO  testCases.TC001_AccountRegistrationTest - validating expected message
10:45:18.607 [TestNG-tests-3] INFO  testCases.TC001_AccountRegistrationTest - ***** Starting TC001_AccountRegistrationTest  *****
10:45:18.642 [TestNG-tests-1] INFO  testCases.TC001_AccountRegistrationTest - ***** Finished TC001_AccountRegistrationTest *****
10:45:18.689 [TestNG-tests-2] INFO  testCases.TC001_AccountRegistrationTest - ***** Finished TC001_AccountRegistrationTest *****
10:45:18.963 [TestNG-tests-3] INFO  testCases.TC001_AccountRegistrationTest - Clicked on MyAccount Link
10:45:19.549 [TestNG-tests-3] INFO  testCases.TC001_AccountRegistrationTest - Clicked on MyRegister Link
10:45:19.564 [TestNG-tests-3] INFO  testCases.TC001_AccountRegistrationTest - Providing customer details...
10:45:20.737 [TestNG-tests-3] INFO  testCases.TC001_AccountRegistrationTest - validating expected message
10:45:20.758 [TestNG-tests-3] INFO  testCases.TC001_AccountRegistrationTest - ***** Finished TC001_AccountRegistrationTest *****
15:02:14.367 [TestNG-tests-1] INFO  testCases.TC001_AccountRegistrationTest - ***** Starting TC001_AccountRegistrationTest  *****
15:02:14.753 [TestNG-tests-1] INFO  testCases.TC001_AccountRegistrationTest - Clicked on MyAccount Link
15:02:15.046 [TestNG-tests-2] INFO  testCases.TC001_AccountRegistrationTest - ***** Starting TC001_AccountRegistrationTest  *****
15:02:15.633 [TestNG-tests-2] INFO  testCases.TC001_AccountRegistrationTest - Clicked on MyAccount Link
15:02:15.911 [TestNG-tests-1] INFO  testCases.TC001_AccountRegistrationTest - Clicked on MyRegister Link
15:02:15.913 [TestNG-tests-1] INFO  testCases.TC001_AccountRegistrationTest - Providing customer details...
15:02:16.463 [TestNG-tests-2] INFO  testCases.TC001_AccountRegistrationTest - Clicked on MyRegister Link
15:02:16.465 [TestNG-tests-2] INFO  testCases.TC001_AccountRegistrationTest - Providing customer details...
15:02:16.802 [TestNG-tests-3] INFO  testCases.TC001_AccountRegistrationTest - ***** Starting TC001_AccountRegistrationTest  *****
15:02:17.096 [TestNG-tests-3] INFO  testCases.TC001_AccountRegistrationTest - Clicked on MyAccount Link
15:02:17.752 [TestNG-tests-1] INFO  testCases.TC001_AccountRegistrationTest - validating expected message
15:02:17.798 [TestNG-tests-1] INFO  testCases.TC001_AccountRegistrationTest - ***** Finished TC001_AccountRegistrationTest *****
15:02:17.979 [TestNG-tests-3] INFO  testCases.TC001_AccountRegistrationTest - Clicked on MyRegister Link
15:02:17.979 [TestNG-tests-3] INFO  testCases.TC001_AccountRegistrationTest - Providing customer details...
15:02:18.193 [TestNG-tests-2] INFO  testCases.TC001_AccountRegistrationTest - validating expected message
15:02:18.232 [TestNG-tests-2] INFO  testCases.TC001_AccountRegistrationTest - ***** Finished TC001_AccountRegistrationTest *****
15:02:19.111 [TestNG-tests-3] INFO  testCases.TC001_AccountRegistrationTest - validating expected message
15:02:19.144 [TestNG-tests-3] INFO  testCases.TC001_AccountRegistrationTest - ***** Finished TC001_AccountRegistrationTest *****
16:58:54.371 [TestNG-tests-1] INFO  testCases.TC002_LoginTest - ***** Starting TC_002_LoginTest *****
16:59:19.897 [TestNG-tests-1] INFO  testCases.TC002_LoginTest - ***** Starting TC_002_LoginTest *****
17:02:48.242 [TestNG-tests-1] INFO  testCases.TC002_LoginTest - ***** Starting TC_002_LoginTest *****
17:14:13.236 [TestNG-tests-1] INFO  testCases.TC002_LoginTest - ***** Starting TC_002_LoginTest *****
17:22:12.740 [main] INFO  testCases.TC002_LoginTest - ***** Starting TC_002_LoginTest *****
17:23:31.091 [main] INFO  testCases.TC002_LoginTest - ***** Starting TC_002_LoginTest *****
17:23:37.212 [main] INFO  testCases.TC002_LoginTest - ***** Finished TC_002_LoginTest *****
15:28:56.950 [main] INFO  testCases.TC002_LoginTest - ***** Starting TC_002_LoginTest *****
15:29:03.365 [main] INFO  testCases.TC002_LoginTest - ***** Finished TC_002_LoginTest *****
16:03:55.238 [main] INFO  testCases.TC002_LoginTest - ***** Starting TC_002_LoginTest *****
16:04:00.830 [main] INFO  testCases.TC002_LoginTest - ***** Finished TC_002_LoginTest *****
16:10:37.582 [main] INFO  testCases.TC002_LoginTest - ***** Starting TC_002_LoginTest *****
16:10:43.390 [main] INFO  testCases.TC002_LoginTest - ***** Finished TC_002_LoginTest *****
10:33:00.188 [main] INFO  testCases.TC002_LoginTest - ***** Starting TC_002_LoginTest *****
10:33:06.022 [main] INFO  testCases.TC002_LoginTest - ***** Finished TC_002_LoginTest *****
10:45:38.427 [main] INFO  testCases.TC002_LoginTest - ***** Starting TC_002_LoginTest *****
10:45:44.070 [main] INFO  testCases.TC002_LoginTest - ***** Finished TC_002_LoginTest *****
16:44:00.432 [main] INFO  testCases.TC002_LoginTest - ***** Starting TC_002_LoginTest *****
16:44:06.255 [main] INFO  testCases.TC002_LoginTest - ***** Finished TC_002_LoginTest *****
13:40:57.777 [main] INFO  testCases.TC001_AccountRegistrationTest - ***** Starting TC001_AccountRegistrationTest  *****
13:40:58.102 [main] INFO  testCases.TC001_AccountRegistrationTest - Clicked on MyAccount Link
13:40:59.113 [main] INFO  testCases.TC001_AccountRegistrationTest - Clicked on MyRegister Link
13:40:59.128 [main] INFO  testCases.TC001_AccountRegistrationTest - Providing customer details...
13:41:00.984 [main] INFO  testCases.TC001_AccountRegistrationTest - validating expected message
13:41:01.011 [main] INFO  testCases.TC001_AccountRegistrationTest - ***** Finished TC001_AccountRegistrationTest *****
13:41:08.690 [main] INFO  testCases.TC002_LoginTest - ***** Starting TC_002_LoginTest *****
13:41:14.168 [main] INFO  testCases.TC002_LoginTest - ***** Finished TC_002_LoginTest *****
13:47:38.909 [main] INFO  testCases.TC002_LoginTest - ***** Starting TC_002_LoginTest *****
13:47:44.654 [main] INFO  testCases.TC002_LoginTest - ***** Finished TC_002_LoginTest *****
13:48:04.615 [main] INFO  testCases.TC002_LoginTest - ***** Starting TC_002_LoginTest *****
13:48:10.540 [main] INFO  testCases.TC002_LoginTest - ***** Finished TC_002_LoginTest *****
13:55:22.256 [main] INFO  testCases.TC001_AccountRegistrationTest - ***** Starting TC001_AccountRegistrationTest  *****
13:55:22.671 [main] INFO  testCases.TC001_AccountRegistrationTest - Clicked on MyAccount Link
13:55:23.444 [main] INFO  testCases.TC001_AccountRegistrationTest - Clicked on MyRegister Link
13:55:23.453 [main] INFO  testCases.TC001_AccountRegistrationTest - Providing customer details...
13:55:26.031 [main] INFO  testCases.TC001_AccountRegistrationTest - validating expected message
13:55:26.069 [main] INFO  testCases.TC001_AccountRegistrationTest - ***** Finished TC001_AccountRegistrationTest *****
13:59:53.824 [main] INFO  testCases.TC001_AccountRegistrationTest - ***** Starting TC001_AccountRegistrationTest  *****
13:59:54.215 [main] INFO  testCases.TC001_AccountRegistrationTest - Clicked on MyAccount Link
13:59:54.902 [main] INFO  testCases.TC001_AccountRegistrationTest - Clicked on MyRegister Link
13:59:54.925 [main] INFO  testCases.TC001_AccountRegistrationTest - Providing customer details...
13:59:56.586 [main] INFO  testCases.TC001_AccountRegistrationTest - validating expected message
13:59:56.634 [main] INFO  testCases.TC001_AccountRegistrationTest - ***** Finished TC001_AccountRegistrationTest *****
14:03:12.614 [main] INFO  testCases.TC001_AccountRegistrationTest - ***** Starting TC001_AccountRegistrationTest  *****
14:03:12.947 [main] INFO  testCases.TC001_AccountRegistrationTest - Clicked on MyAccount Link
14:03:13.760 [main] INFO  testCases.TC001_AccountRegistrationTest - Clicked on MyRegister Link
14:03:13.769 [main] INFO  testCases.TC001_AccountRegistrationTest - Providing customer details...
14:03:15.339 [main] INFO  testCases.TC001_AccountRegistrationTest - validating expected message
14:03:15.373 [main] INFO  testCases.TC001_AccountRegistrationTest - ***** Finished TC001_AccountRegistrationTest *****
14:03:25.377 [main] INFO  testCases.TC002_LoginTest - ***** Starting TC_002_LoginTest *****
14:03:31.079 [main] INFO  testCases.TC002_LoginTest - ***** Finished TC_002_LoginTest *****
14:11:37.010 [main] INFO  testCases.TC001_AccountRegistrationTest - ***** Starting TC001_AccountRegistrationTest  *****
14:11:37.358 [main] INFO  testCases.TC001_AccountRegistrationTest - Clicked on MyAccount Link
14:11:38.245 [main] INFO  testCases.TC001_AccountRegistrationTest - Clicked on MyRegister Link
14:11:38.248 [main] INFO  testCases.TC001_AccountRegistrationTest - Providing customer details...
14:11:39.921 [main] INFO  testCases.TC001_AccountRegistrationTest - validating expected message
14:11:39.962 [main] INFO  testCases.TC001_AccountRegistrationTest - ***** Finished TC001_AccountRegistrationTest *****
14:11:50.427 [main] INFO  testCases.TC002_LoginTest - ***** Starting TC_002_LoginTest *****
14:11:56.896 [main] INFO  testCases.TC002_LoginTest - ***** Finished TC_002_LoginTest *****
15:21:40.805 [main] INFO  testCases.TC001_AccountRegistrationTest - ***** Starting TC001_AccountRegistrationTest  *****
15:21:41.097 [main] INFO  testCases.TC001_AccountRegistrationTest - Clicked on MyAccount Link
15:21:41.850 [main] INFO  testCases.TC001_AccountRegistrationTest - Clicked on MyRegister Link
15:21:41.850 [main] INFO  testCases.TC001_AccountRegistrationTest - Providing customer details...
15:21:43.385 [main] INFO  testCases.TC001_AccountRegistrationTest - validating expected message
15:21:43.434 [main] INFO  testCases.TC001_AccountRegistrationTest - ***** Finished TC001_AccountRegistrationTest *****
15:21:50.865 [main] INFO  testCases.TC002_LoginTest - ***** Starting TC_002_LoginTest *****
15:21:56.727 [main] INFO  testCases.TC002_LoginTest - ***** Finished TC_002_LoginTest *****
15:23:38.479 [main] INFO  testCases.TC002_LoginTest - ***** Starting TC_002_LoginTest *****
15:23:44.937 [main] INFO  testCases.TC002_LoginTest - ***** Finished TC_002_LoginTest *****
15:32:01.671 [main] INFO  testCases.TC001_AccountRegistrationTest - ***** Starting TC001_AccountRegistrationTest  *****
15:32:01.969 [main] INFO  testCases.TC001_AccountRegistrationTest - Clicked on MyAccount Link
15:32:02.750 [main] INFO  testCases.TC001_AccountRegistrationTest - Clicked on MyRegister Link
15:32:02.751 [main] INFO  testCases.TC001_AccountRegistrationTest - Providing customer details...
15:32:04.097 [main] INFO  testCases.TC001_AccountRegistrationTest - validating expected message
15:32:04.134 [main] INFO  testCases.TC001_AccountRegistrationTest - ***** Finished TC001_AccountRegistrationTest *****
15:32:12.079 [main] INFO  testCases.TC002_LoginTest - ***** Starting TC_002_LoginTest *****
15:32:18.115 [main] INFO  testCases.TC002_LoginTest - ***** Finished TC_002_LoginTest *****
16:37:36.098 [main] INFO  testCases.TC001_AccountRegistrationTest - ***** Starting TC001_AccountRegistrationTest  *****
16:37:36.429 [main] INFO  testCases.TC001_AccountRegistrationTest - Clicked on MyAccount Link
16:37:37.147 [main] INFO  testCases.TC001_AccountRegistrationTest - Clicked on MyRegister Link
16:37:37.177 [main] INFO  testCases.TC001_AccountRegistrationTest - Providing customer details...
16:37:38.621 [main] INFO  testCases.TC001_AccountRegistrationTest - validating expected message
16:37:38.655 [main] INFO  testCases.TC001_AccountRegistrationTest - ***** Finished TC001_AccountRegistrationTest *****
16:37:45.475 [main] INFO  testCases.TC002_LoginTest - ***** Starting TC_002_LoginTest *****
16:37:51.358 [main] INFO  testCases.TC002_LoginTest - ***** Finished TC_002_LoginTest *****
16:56:57.484 [main] INFO  testCases.TC001_AccountRegistrationTest - ***** Starting TC001_AccountRegistrationTest  *****
16:56:57.618 [main] INFO  testCases.TC001_AccountRegistrationTest - Clicked on MyAccount Link
16:56:59.184 [main] INFO  testCases.TC001_AccountRegistrationTest - Clicked on MyRegister Link
16:56:59.191 [main] INFO  testCases.TC001_AccountRegistrationTest - Providing customer details...
16:57:01.012 [main] INFO  testCases.TC001_AccountRegistrationTest - validating expected message
16:57:01.104 [main] INFO  testCases.TC001_AccountRegistrationTest - ***** Finished TC001_AccountRegistrationTest *****
16:57:05.255 [main] INFO  testCases.TC002_LoginTest - ***** Starting TC_002_LoginTest *****
16:57:11.316 [main] INFO  testCases.TC002_LoginTest - ***** Finished TC_002_LoginTest *****
17:02:12.401 [main] INFO  testCases.TC001_AccountRegistrationTest - ***** Starting TC001_AccountRegistrationTest  *****
17:02:12.722 [main] INFO  testCases.TC001_AccountRegistrationTest - Clicked on MyAccount Link
17:02:13.562 [main] INFO  testCases.TC001_AccountRegistrationTest - Clicked on MyRegister Link
17:02:13.566 [main] INFO  testCases.TC001_AccountRegistrationTest - Providing customer details...
17:02:15.278 [main] INFO  testCases.TC001_AccountRegistrationTest - validating expected message
17:02:15.301 [main] INFO  testCases.TC001_AccountRegistrationTest - ***** Finished TC001_AccountRegistrationTest *****
17:02:26.598 [main] INFO  testCases.TC002_LoginTest - ***** Starting TC_002_LoginTest *****
17:02:33.648 [main] INFO  testCases.TC002_LoginTest - ***** Finished TC_002_LoginTest *****
10:31:00.847 [main] INFO  testCases.TC001_AccountRegistrationTest - ***** Starting TC001_AccountRegistrationTest  *****
10:31:01.137 [main] INFO  testCases.TC001_AccountRegistrationTest - Clicked on MyAccount Link
10:31:01.879 [main] INFO  testCases.TC001_AccountRegistrationTest - Clicked on MyRegister Link
10:31:01.883 [main] INFO  testCases.TC001_AccountRegistrationTest - Providing customer details...
10:31:03.126 [main] INFO  testCases.TC001_AccountRegistrationTest - validating expected message
10:31:03.145 [main] INFO  testCases.TC001_AccountRegistrationTest - ***** Finished TC001_AccountRegistrationTest *****
10:31:08.902 [main] INFO  testCases.TC002_LoginTest - ***** Starting TC_002_LoginTest *****
10:31:14.195 [main] INFO  testCases.TC002_LoginTest - ***** Finished TC_002_LoginTest *****
10:34:32.155 [main] INFO  testCases.TC001_AccountRegistrationTest - ***** Starting TC001_AccountRegistrationTest  *****
10:34:32.456 [main] INFO  testCases.TC001_AccountRegistrationTest - Clicked on MyAccount Link
10:34:33.021 [main] INFO  testCases.TC001_AccountRegistrationTest - Clicked on MyRegister Link
10:34:33.022 [main] INFO  testCases.TC001_AccountRegistrationTest - Providing customer details...
10:34:34.470 [main] INFO  testCases.TC001_AccountRegistrationTest - validating expected message
10:34:34.510 [main] INFO  testCases.TC001_AccountRegistrationTest - ***** Finished TC001_AccountRegistrationTest *****
10:34:42.130 [main] INFO  testCases.TC002_LoginTest - ***** Starting TC_002_LoginTest *****
10:34:47.733 [main] INFO  testCases.TC002_LoginTest - ***** Finished TC_002_LoginTest *****
